<?xml version="1.0" encoding="UTF-8"?>
<!-- Generated by org.testng.reporters.JUnitXMLReporter -->
<testsuite ignored="0" hostname="NLPULTP8105475" failures="1" tests="1" name="Test" time="4.983" errors="0" timestamp="2023-08-05T15:41:33 IST">
  <testcase classname="MyProject.ErrorValidationsonLoginPage" name="ErrorValidations" time="0.79">
    <failure type="java.lang.AssertionError" message="expected [Incorrect email or password.] but found [Incorrect email  password.]">
      <![CDATA[java.lang.AssertionError: expected [Incorrect email or password.] but found [Incorrect email  password.]
at MyProject.ErrorValidationsonLoginPage.ErrorValidations(ErrorValidationsonLoginPage.java:15)
at java.base/java.util.ArrayList.forEach(ArrayList.java:1511)
... Removed 33 stack frames]]>
    </failure>
  </testcase> <!-- ErrorValidations -->
</testsuite> <!-- Test -->
